This is pdfTeX, Version 3.14159265-2.6-1.40.21 (TeX Live 2020/Debian) (preloaded format=pdflatex 2021.11.17)  15 DEC 2021 16:52
entering extended mode
 restricted \write18 enabled.
 %&-line parsing enabled.
**main.tex
(./main.tex
LaTeX2e <2020-10-01> patch level 4
L3 programming layer <2021-01-09> xparse <2020-03-03>
(/usr/share/texlive/texmf-dist/tex/latex/base/article.cls
Document Class: article 2020/04/10 v1.4m Standard LaTeX document class
(/usr/share/texlive/texmf-dist/tex/latex/base/size10.clo
File: size10.clo 2020/04/10 v1.4m Standard LaTeX file (size option)
)
\c@part=\count177
\c@section=\count178
\c@subsection=\count179
\c@subsubsection=\count180
\c@paragraph=\count181
\c@subparagraph=\count182
\c@figure=\count183
\c@table=\count184
\abovecaptionskip=\skip47
\belowcaptionskip=\skip48
\bibindent=\dimen138
)
(/usr/share/texlive/texmf-dist/tex/latex/base/inputenc.sty
Package: inputenc 2020/08/01 v1.3d Input encoding file
\inpenc@prehook=\toks15
\inpenc@posthook=\toks16
)
(/usr/share/texlive/texmf-dist/tex/latex/base/latexsym.sty
Package: latexsym 1998/08/17 v2.2e Standard LaTeX package (lasy symbols)
\symlasy=\mathgroup4
LaTeX Font Info:    Overwriting symbol font `lasy' in version `bold'
(Font)                  U/lasy/m/n --> U/lasy/b/n on input line 52.
)
(/usr/share/texlive/texmf-dist/tex/latex/float/float.sty
Package: float 2001/11/08 v1.3d Float enhancements (AL)
\c@float@type=\count185
\float@exts=\toks17
\float@box=\box47
\@float@everytoks=\toks18
\@floatcapt=\box48
)
(/usr/share/texlive/texmf-dist/tex/generic/babel/babel.sty
Package: babel 2021/01/26 3.53 The Babel package

(/usr/share/texlive/texmf-dist/tex/generic/babel/babel.def
File: babel.def 2021/01/26 3.53 Babel common definitions
\babel@savecnt=\count186
\U@D=\dimen139
\l@babelnohyphens=\language6

(/usr/share/texlive/texmf-dist/tex/generic/babel/txtbabel.def)
\bbl@readstream=\read2
)
\bbl@dirlevel=\count187

(/usr/share/texlive/texmf-dist/tex/generic/babel-english/english.ldf
Language: english 2017/06/06 v3.3r English support from the babel system
Package babel Info: \l@british = using hyphenrules for english
(babel)             (\language0) on input line 82.
Package babel Info: \l@UKenglish = using hyphenrules for english
(babel)             (\language0) on input line 83.
Package babel Info: \l@canadian = using hyphenrules for english
(babel)             (\language0) on input line 102.
Package babel Info: \l@australian = using hyphenrules for english
(babel)             (\language0) on input line 105.
Package babel Info: \l@newzealand = using hyphenrules for english
(babel)             (\language0) on input line 108.
))
(/usr/share/texlive/texmf-dist/tex/latex/microtype/microtype.sty
Package: microtype 2020/12/07 v2.8 Micro-typographical refinements (RS)

(/usr/share/texlive/texmf-dist/tex/latex/graphics/keyval.sty
Package: keyval 2014/10/28 v1.15 key=value parser (DPC)
\KV@toks@=\toks19
)
\MT@toks=\toks20
\MT@count=\count188
LaTeX Info: Redefining \textls on input line 788.
\MT@outer@kern=\dimen140
LaTeX Info: Redefining \textmicrotypecontext on input line 1358.
\MT@listname@count=\count189

(/usr/share/texlive/texmf-dist/tex/latex/microtype/microtype-pdftex.def
File: microtype-pdftex.def 2020/12/07 v2.8 Definitions specific to pdftex (RS)
LaTeX Info: Redefining \lsstyle on input line 915.
LaTeX Info: Redefining \lslig on input line 915.
\MT@outer@space=\skip49
)
Package microtype Info: Loading configuration file microtype.cfg.

(/usr/share/texlive/texmf-dist/tex/latex/microtype/microtype.cfg
File: microtype.cfg 2020/12/07 v2.8 microtype main configuration file (RS)
))
(/usr/share/texlive/texmf-dist/tex/latex/url/url.sty
\Urlmuskip=\muskip16
Package: url 2013/09/16  ver 3.4  Verb mode for urls, etc.
)
(/usr/share/texlive/texmf-dist/tex/latex/hyperref/hyperref.sty
Package: hyperref 2020-05-15 v7.00e Hypertext links for LaTeX

(/usr/share/texlive/texmf-dist/tex/generic/ltxcmds/ltxcmds.sty
Package: ltxcmds 2020-05-10 v1.25 LaTeX kernel commands for general use (HO)
)
(/usr/share/texlive/texmf-dist/tex/generic/iftex/iftex.sty
Package: iftex 2020/03/06 v1.0d TeX engine tests
)
(/usr/share/texlive/texmf-dist/tex/generic/pdftexcmds/pdftexcmds.sty
Package: pdftexcmds 2020-06-27 v0.33 Utility functions of pdfTeX for LuaTeX (HO
)

(/usr/share/texlive/texmf-dist/tex/generic/infwarerr/infwarerr.sty
Package: infwarerr 2019/12/03 v1.5 Providing info/warning/error messages (HO)
)
Package pdftexcmds Info: \pdf@primitive is available.
Package pdftexcmds Info: \pdf@ifprimitive is available.
Package pdftexcmds Info: \pdfdraftmode found.
)
(/usr/share/texlive/texmf-dist/tex/generic/kvsetkeys/kvsetkeys.sty
Package: kvsetkeys 2019/12/15 v1.18 Key value parser (HO)
)
(/usr/share/texlive/texmf-dist/tex/generic/kvdefinekeys/kvdefinekeys.sty
Package: kvdefinekeys 2019-12-19 v1.6 Define keys (HO)
)
(/usr/share/texlive/texmf-dist/tex/generic/pdfescape/pdfescape.sty
Package: pdfescape 2019/12/09 v1.15 Implements pdfTeX's escape features (HO)
)
(/usr/share/texlive/texmf-dist/tex/latex/hycolor/hycolor.sty
Package: hycolor 2020-01-27 v1.10 Color options for hyperref/bookmark (HO)
)
(/usr/share/texlive/texmf-dist/tex/latex/letltxmacro/letltxmacro.sty
Package: letltxmacro 2019/12/03 v1.6 Let assignment for LaTeX macros (HO)
)
(/usr/share/texlive/texmf-dist/tex/latex/auxhook/auxhook.sty
Package: auxhook 2019-12-17 v1.6 Hooks for auxiliary files (HO)
)
(/usr/share/texlive/texmf-dist/tex/latex/kvoptions/kvoptions.sty
Package: kvoptions 2020-10-07 v3.14 Key value format for package options (HO)
)
\@linkdim=\dimen141
\Hy@linkcounter=\count190
\Hy@pagecounter=\count191

(/usr/share/texlive/texmf-dist/tex/latex/hyperref/pd1enc.def
File: pd1enc.def 2020-05-15 v7.00e Hyperref: PDFDocEncoding definition (HO)
Now handling font encoding PD1 ...
... no UTF-8 mapping file for font encoding PD1
)
(/usr/share/texlive/texmf-dist/tex/generic/intcalc/intcalc.sty
Package: intcalc 2019/12/15 v1.3 Expandable calculations with integers (HO)
)
(/usr/share/texlive/texmf-dist/tex/generic/etexcmds/etexcmds.sty
Package: etexcmds 2019/12/15 v1.7 Avoid name clashes with e-TeX commands (HO)
)
\Hy@SavedSpaceFactor=\count192
Package hyperref Info: Hyper figures OFF on input line 4464.
Package hyperref Info: Link nesting OFF on input line 4469.
Package hyperref Info: Hyper index ON on input line 4472.
Package hyperref Info: Plain pages OFF on input line 4479.
Package hyperref Info: Backreferencing OFF on input line 4484.
Package hyperref Info: Implicit mode ON; LaTeX internals redefined.
Package hyperref Info: Bookmarks ON on input line 4717.
\c@Hy@tempcnt=\count193
LaTeX Info: Redefining \url on input line 5076.
\XeTeXLinkMargin=\dimen142

(/usr/share/texlive/texmf-dist/tex/generic/bitset/bitset.sty
Package: bitset 2019/12/09 v1.3 Handle bit-vector datatype (HO)

(/usr/share/texlive/texmf-dist/tex/generic/bigintcalc/bigintcalc.sty
Package: bigintcalc 2019/12/15 v1.5 Expandable calculations on big integers (HO
)
))
\Fld@menulength=\count194
\Field@Width=\dimen143
\Fld@charsize=\dimen144
Package hyperref Info: Hyper figures OFF on input line 6347.
Package hyperref Info: Link nesting OFF on input line 6352.
Package hyperref Info: Hyper index ON on input line 6355.
Package hyperref Info: backreferencing OFF on input line 6362.
Package hyperref Info: Link coloring OFF on input line 6367.
Package hyperref Info: Link coloring with OCG OFF on input line 6372.
Package hyperref Info: PDF/A mode OFF on input line 6377.
LaTeX Info: Redefining \ref on input line 6417.
LaTeX Info: Redefining \pageref on input line 6421.

(/usr/share/texlive/texmf-dist/tex/latex/base/atbegshi-ltx.sty
Package: atbegshi-ltx 2020/08/17 v1.0a Emulation of the original atbegshi packa
ge
with kernel methods
)
\Hy@abspage=\count195
\c@Item=\count196
\c@Hfootnote=\count197
)
Package hyperref Info: Driver (autodetected): hpdftex.

(/usr/share/texlive/texmf-dist/tex/latex/hyperref/hpdftex.def
File: hpdftex.def 2020-05-15 v7.00e Hyperref driver for pdfTeX

(/usr/share/texlive/texmf-dist/tex/latex/base/atveryend-ltx.sty
Package: atveryend-ltx 2020/08/19 v1.0a Emulation of the original atvery packag
e
with kernel methods
)
\Fld@listcount=\count198
\c@bookmark@seq@number=\count199

(/usr/share/texlive/texmf-dist/tex/latex/rerunfilecheck/rerunfilecheck.sty
Package: rerunfilecheck 2019/12/05 v1.9 Rerun checks for auxiliary files (HO)

(/usr/share/texlive/texmf-dist/tex/generic/uniquecounter/uniquecounter.sty
Package: uniquecounter 2019/12/15 v1.4 Provide unlimited unique counter (HO)
)
Package uniquecounter Info: New unique counter `rerunfilecheck' on input line 2
86.
)
\Hy@SectionHShift=\skip50
)
(/usr/share/texlive/texmf-dist/tex/latex/graphics/graphicx.sty
Package: graphicx 2020/09/09 v1.2b Enhanced LaTeX Graphics (DPC,SPQR)

(/usr/share/texlive/texmf-dist/tex/latex/graphics/graphics.sty
Package: graphics 2020/08/30 v1.4c Standard LaTeX Graphics (DPC,SPQR)

(/usr/share/texlive/texmf-dist/tex/latex/graphics/trig.sty
Package: trig 2016/01/03 v1.10 sin cos tan (DPC)
)
(/usr/share/texlive/texmf-dist/tex/latex/graphics-cfg/graphics.cfg
File: graphics.cfg 2016/06/04 v1.11 sample graphics configuration
)
Package graphics Info: Driver file: pdftex.def on input line 105.

(/usr/share/texlive/texmf-dist/tex/latex/graphics-def/pdftex.def
File: pdftex.def 2020/10/05 v1.2a Graphics/color driver for pdftex
))
\Gin@req@height=\dimen145
\Gin@req@width=\dimen146
)
(/usr/share/texlive/texmf-dist/tex/latex/base/makeidx.sty
Package: makeidx 2014/09/29 v1.0m Standard LaTeX package
)
(/usr/share/texlive/texmf-dist/tex/latex/datetime/datetime.sty
Package: datetime 2015/03/20 v2.60 Date Time Package

(/usr/share/texlive/texmf-dist/tex/latex/etoolbox/etoolbox.sty
Package: etoolbox 2020/10/05 v2.5k e-TeX tools for LaTeX (JAW)
\etb@tempcnta=\count266
)
(/usr/share/texlive/texmf-dist/tex/latex/fmtcount/fmtcount.sty
Package: fmtcount 2020/01/30 v3.07

(/usr/share/texlive/texmf-dist/tex/latex/base/ifthen.sty
Package: ifthen 2014/09/29 v1.1c Standard LaTeX ifthen package (DPC)
)
(/usr/share/texlive/texmf-dist/tex/latex/xkeyval/xkeyval.sty
Package: xkeyval 2020/11/20 v2.8 package option processing (HA)

(/usr/share/texlive/texmf-dist/tex/generic/xkeyval/xkeyval.tex
(/usr/share/texlive/texmf-dist/tex/generic/xkeyval/xkvutils.tex
\XKV@toks=\toks21
\XKV@tempa@toks=\toks22
)
\XKV@depth=\count267
File: xkeyval.tex 2014/12/03 v2.7a key=value parser (HA)
))
(/usr/share/texlive/texmf-dist/tex/latex/fmtcount/fcprefix.sty
Package: fcprefix 2012/09/28

(/usr/share/texlive/texmf-dist/tex/latex/fmtcount/fcnumparser.sty
Package: fcnumparser 2017/06/15
\fc@digit@counter=\count268
))
(/usr/share/texlive/texmf-dist/tex/latex/amsmath/amsgen.sty
File: amsgen.sty 1999/11/30 v2.0 generic functions
\@emptytoks=\toks23
\ex@=\dimen147
)
\c@padzeroesN=\count269
\fc@tmpcatcode=\count270

(/usr/share/texlive/texmf-dist/tex/latex/fmtcount/fc-english.def
File: fc-english.def 2016/01/12
)
\@DT@modctr=\count271
\@ordinalctr=\count272
\@orgargctr=\count273
\@strctr=\count274
\@tmpstrctr=\count275
\@DT@loopN=\count276
\@DT@X=\count277
)
(/usr/share/texlive/texmf-dist/tex/latex/datetime/datetime-defaults.sty
Package: datetime-defaults 2013/09/10
)
\@day=\count278
\@month=\count279
\@year=\count280
\c@HOUR=\count281
\c@HOURXII=\count282
\c@MINUTE=\count283
\c@TOHOUR=\count284
\c@TOMINUTE=\count285
\c@SECOND=\count286
\currenthour=\count287
\currentminute=\count288
\currentsecond=\count289
Package datetime Info: No datetime.cfg file found, using default settings on in
put line 308.
\@dtctr=\count290
\dayofyear=\count291
\dayofweek=\count292
LaTeX Info: Redefining \today on input line 736.
\dt@a=\toks24
\dt@b=\toks25
)
(/usr/share/texlive/texmf-dist/tex/latex/tools/multicol.sty
Package: multicol 2019/12/09 v1.8y multicolumn formatting (FMi)
\c@tracingmulticols=\count293
\mult@box=\box49
\multicol@leftmargin=\dimen148
\c@unbalance=\count294
\c@collectmore=\count295
\doublecol@number=\count296
\multicoltolerance=\count297
\multicolpretolerance=\count298
\full@width=\dimen149
\page@free=\dimen150
\premulticols=\dimen151
\postmulticols=\dimen152
\multicolsep=\skip51
\multicolbaselineskip=\skip52
\partial@page=\box50
\last@line=\box51
\maxbalancingoverflow=\dimen153
\mult@rightbox=\box52
\mult@grightbox=\box53
\mult@gfirstbox=\box54
\mult@firstbox=\box55
\@tempa=\box56
\@tempa=\box57
\@tempa=\box58
\@tempa=\box59
\@tempa=\box60
\@tempa=\box61
\@tempa=\box62
\@tempa=\box63
\@tempa=\box64
\@tempa=\box65
\@tempa=\box66
\@tempa=\box67
\@tempa=\box68
\@tempa=\box69
\@tempa=\box70
\@tempa=\box71
\@tempa=\box72
\@tempa=\box73
\@tempa=\box74
\@tempa=\box75
\@tempa=\box76
\@tempa=\box77
\@tempa=\box78
\@tempa=\box79
\@tempa=\box80
\@tempa=\box81
\@tempa=\box82
\@tempa=\box83
\@tempa=\box84
\@tempa=\box85
\@tempa=\box86
\@tempa=\box87
\@tempa=\box88
\@tempa=\box89
\@tempa=\box90
\@tempa=\box91
\@tempa=\box92
\c@minrows=\count299
\c@columnbadness=\count300
\c@finalcolumnbadness=\count301
\last@try=\dimen154
\multicolovershoot=\dimen155
\multicolundershoot=\dimen156
\mult@nat@firstbox=\box93
\colbreak@box=\box94
\mc@col@check@num=\count302
)
(/usr/share/texlive/texmf-dist/tex/latex/setspace/setspace.sty
Package: setspace 2011/12/19 v6.7a set line spacing
)
(/usr/share/texlive/texmf-dist/tex/latex/tools/enumerate.sty
Package: enumerate 2015/07/23 v3.00 enumerate extensions (DPC)
\@enLab=\toks26
)
(/usr/share/texlive/texmf-dist/tex/latex/booktabs/booktabs.sty
Package: booktabs 2020/01/12 v1.61803398 Publication quality tables
\heavyrulewidth=\dimen157
\lightrulewidth=\dimen158
\cmidrulewidth=\dimen159
\belowrulesep=\dimen160
\belowbottomsep=\dimen161
\aboverulesep=\dimen162
\abovetopsep=\dimen163
\cmidrulesep=\dimen164
\cmidrulekern=\dimen165
\defaultaddspace=\dimen166
\@cmidla=\count303
\@cmidlb=\count304
\@aboverulesep=\dimen167
\@belowrulesep=\dimen168
\@thisruleclass=\count305
\@lastruleclass=\count306
\@thisrulewidth=\dimen169
)
(/usr/share/texlive/texmf-dist/tex/latex/listings/listings.sty
\lst@mode=\count307
\lst@gtempboxa=\box95
\lst@token=\toks27
\lst@length=\count308
\lst@currlwidth=\dimen170
\lst@column=\count309
\lst@pos=\count310
\lst@lostspace=\dimen171
\lst@width=\dimen172
\lst@newlines=\count311
\lst@lineno=\count312
\lst@maxwidth=\dimen173

(/usr/share/texlive/texmf-dist/tex/latex/listings/lstmisc.sty
File: lstmisc.sty 2020/03/24 1.8d (Carsten Heinz)
\c@lstnumber=\count313
\lst@skipnumbers=\count314
\lst@framebox=\box96
)
(/usr/share/texlive/texmf-dist/tex/latex/listings/listings.cfg
File: listings.cfg 2020/03/24 1.8d listings configuration
))
Package: listings 2020/03/24 1.8d (Carsten Heinz)

(/usr/share/texlive/texmf-dist/tex/latex/graphics/color.sty
Package: color 2020/02/24 v1.2b Standard LaTeX Color (DPC)

(/usr/share/texlive/texmf-dist/tex/latex/graphics-cfg/color.cfg
File: color.cfg 2016/01/02 v1.6 sample color configuration
)
Package color Info: Driver file: pdftex.def on input line 147.
)
(/usr/share/texlive/texmf-dist/tex/latex/amsmath/amsmath.sty
Package: amsmath 2020/09/23 v2.17i AMS math features
\@mathmargin=\skip53

For additional information on amsmath, use the `?' option.
(/usr/share/texlive/texmf-dist/tex/latex/amsmath/amstext.sty
Package: amstext 2000/06/29 v2.01 AMS text
)
(/usr/share/texlive/texmf-dist/tex/latex/amsmath/amsbsy.sty
Package: amsbsy 1999/11/29 v1.2d Bold Symbols
\pmbraise@=\dimen174
)
(/usr/share/texlive/texmf-dist/tex/latex/amsmath/amsopn.sty
Package: amsopn 2016/03/08 v2.02 operator names
)
\inf@bad=\count315
LaTeX Info: Redefining \frac on input line 234.
\uproot@=\count316
\leftroot@=\count317
LaTeX Info: Redefining \overline on input line 399.
\classnum@=\count318
\DOTSCASE@=\count319
LaTeX Info: Redefining \ldots on input line 496.
LaTeX Info: Redefining \dots on input line 499.
LaTeX Info: Redefining \cdots on input line 620.
\Mathstrutbox@=\box97
\strutbox@=\box98
\big@size=\dimen175
LaTeX Font Info:    Redeclaring font encoding OML on input line 743.
LaTeX Font Info:    Redeclaring font encoding OMS on input line 744.
\macc@depth=\count320
\c@MaxMatrixCols=\count321
\dotsspace@=\muskip17
\c@parentequation=\count322
\dspbrk@lvl=\count323
\tag@help=\toks28
\row@=\count324
\column@=\count325
\maxfields@=\count326
\andhelp@=\toks29
\eqnshift@=\dimen176
\alignsep@=\dimen177
\tagshift@=\dimen178
\tagwidth@=\dimen179
\totwidth@=\dimen180
\lineht@=\dimen181
\@envbody=\toks30
\multlinegap=\skip54
\multlinetaggap=\skip55
\mathdisplay@stack=\toks31
LaTeX Info: Redefining \[ on input line 2923.
LaTeX Info: Redefining \] on input line 2924.
)
(/usr/share/texlive/texmf-dist/tex/latex/amsfonts/amssymb.sty
Package: amssymb 2013/01/14 v3.01 AMS font symbols

(/usr/share/texlive/texmf-dist/tex/latex/amsfonts/amsfonts.sty
Package: amsfonts 2013/01/14 v3.01 Basic AMSFonts support
\symAMSa=\mathgroup5
\symAMSb=\mathgroup6
LaTeX Font Info:    Redeclaring math symbol \hbar on input line 98.
LaTeX Font Info:    Overwriting math alphabet `\mathfrak' in version `bold'
(Font)                  U/euf/m/n --> U/euf/b/n on input line 106.
))
(/usr/share/texlive/texmf-dist/tex/latex/xcolor/xcolor.sty
Package: xcolor 2016/05/11 v2.12 LaTeX color extensions (UK)

(/usr/share/texlive/texmf-dist/tex/latex/graphics-cfg/color.cfg
File: color.cfg 2016/01/02 v1.6 sample color configuration
)
Package xcolor Info: Driver file: pdftex.def on input line 225.

(/usr/share/texlive/texmf-dist/tex/latex/colortbl/colortbl.sty
Package: colortbl 2020/01/04 v1.0e Color table columns (DPC)

(/usr/share/texlive/texmf-dist/tex/latex/tools/array.sty
Package: array 2020/10/01 v2.5c Tabular extension package (FMi)
\col@sep=\dimen182
\ar@mcellbox=\box99
\extrarowheight=\dimen183
\NC@list=\toks32
\extratabsurround=\skip56
\backup@length=\skip57
\ar@cellbox=\box100
)
\everycr=\toks33
\minrowclearance=\skip58
)
LaTeX Info: Redefining \color on input line 709.
\rownum=\count327
Package xcolor Info: Model `cmy' substituted by `cmy0' on input line 1348.
Package xcolor Info: Model `hsb' substituted by `rgb' on input line 1352.
Package xcolor Info: Model `RGB' extended on input line 1364.
Package xcolor Info: Model `HTML' substituted by `rgb' on input line 1366.
Package xcolor Info: Model `Hsb' substituted by `hsb' on input line 1367.
Package xcolor Info: Model `tHsb' substituted by `hsb' on input line 1368.
Package xcolor Info: Model `HSB' substituted by `hsb' on input line 1369.
Package xcolor Info: Model `Gray' substituted by `gray' on input line 1370.
Package xcolor Info: Model `wave' substituted by `hsb' on input line 1371.
)
(/usr/share/texlive/texmf-dist/tex/latex/vmargin/vmargin.sty
Package: vmargin 2004/07/15 V2.5 set document margins (VK)

Package: vmargin 2004/07/15 V2.5 set document margins (VK)
\PaperWidth=\dimen184
\PaperHeight=\dimen185
) (/usr/share/texlive/texmf-dist/tex/latex/wrapfig/wrapfig.sty
\wrapoverhang=\dimen186
\WF@size=\dimen187
\c@WF@wrappedlines=\count328
\WF@box=\box101
\WF@everypar=\toks34
Package: wrapfig 2003/01/31  v 3.6
)
(/usr/share/texlive/texmf-dist/tex/latex/subfiles/subfiles.sty
Package: subfiles 2020/11/14 v2.2 Multi-file projects (package)

(/usr/share/texlive/texmf-dist/tex/latex/import/import.sty
Package: import 2020/04/01  v 6.2
))
(/usr/share/texlive/texmf-dist/tex/latex/eurosym/eurosym.sty
Package: eurosym 1998/08/06 v1.1 European currency symbol ``Euro''
\@eurobox=\box102
)
(/usr/share/texlive/texmf-dist/tex/latex/tikz-cd/tikz-cd.sty
Package: tikz-cd 2018/11/19 v0.9f Commutative diagrams with TikZ

(/usr/share/texlive/texmf-dist/tex/latex/pgf/frontendlayer/tikz.sty
(/usr/share/texlive/texmf-dist/tex/latex/pgf/basiclayer/pgf.sty
(/usr/share/texlive/texmf-dist/tex/latex/pgf/utilities/pgfrcs.sty
(/usr/share/texlive/texmf-dist/tex/generic/pgf/utilities/pgfutil-common.tex
\pgfutil@everybye=\toks35
\pgfutil@tempdima=\dimen188
\pgfutil@tempdimb=\dimen189

(/usr/share/texlive/texmf-dist/tex/generic/pgf/utilities/pgfutil-common-lists.t
ex)) (/usr/share/texlive/texmf-dist/tex/generic/pgf/utilities/pgfutil-latex.def
\pgfutil@abb=\box103
) (/usr/share/texlive/texmf-dist/tex/generic/pgf/utilities/pgfrcs.code.tex
(/usr/share/texlive/texmf-dist/tex/generic/pgf/pgf.revision.tex)
Package: pgfrcs 2020/12/27 v3.1.8b (3.1.8b)
))
Package: pgf 2020/12/27 v3.1.8b (3.1.8b)

(/usr/share/texlive/texmf-dist/tex/latex/pgf/basiclayer/pgfcore.sty
(/usr/share/texlive/texmf-dist/tex/latex/pgf/systemlayer/pgfsys.sty
(/usr/share/texlive/texmf-dist/tex/generic/pgf/systemlayer/pgfsys.code.tex
Package: pgfsys 2020/12/27 v3.1.8b (3.1.8b)

(/usr/share/texlive/texmf-dist/tex/generic/pgf/utilities/pgfkeys.code.tex
\pgfkeys@pathtoks=\toks36
\pgfkeys@temptoks=\toks37

(/usr/share/texlive/texmf-dist/tex/generic/pgf/utilities/pgfkeysfiltered.code.t
ex
\pgfkeys@tmptoks=\toks38
))
\pgf@x=\dimen190
\pgf@y=\dimen191
\pgf@xa=\dimen192
\pgf@ya=\dimen193
\pgf@xb=\dimen194
\pgf@yb=\dimen195
\pgf@xc=\dimen196
\pgf@yc=\dimen197
\pgf@xd=\dimen198
\pgf@yd=\dimen199
\w@pgf@writea=\write3
\r@pgf@reada=\read3
\c@pgf@counta=\count329
\c@pgf@countb=\count330
\c@pgf@countc=\count331
\c@pgf@countd=\count332
\t@pgf@toka=\toks39
\t@pgf@tokb=\toks40
\t@pgf@tokc=\toks41
\pgf@sys@id@count=\count333
 (/usr/share/texlive/texmf-dist/tex/generic/pgf/systemlayer/pgf.cfg
File: pgf.cfg 2020/12/27 v3.1.8b (3.1.8b)
)
Driver file for pgf: pgfsys-pdftex.def

(/usr/share/texlive/texmf-dist/tex/generic/pgf/systemlayer/pgfsys-pdftex.def
File: pgfsys-pdftex.def 2020/12/27 v3.1.8b (3.1.8b)

(/usr/share/texlive/texmf-dist/tex/generic/pgf/systemlayer/pgfsys-common-pdf.de
f
File: pgfsys-common-pdf.def 2020/12/27 v3.1.8b (3.1.8b)
)))
(/usr/share/texlive/texmf-dist/tex/generic/pgf/systemlayer/pgfsyssoftpath.code.
tex
File: pgfsyssoftpath.code.tex 2020/12/27 v3.1.8b (3.1.8b)
\pgfsyssoftpath@smallbuffer@items=\count334
\pgfsyssoftpath@bigbuffer@items=\count335
)
(/usr/share/texlive/texmf-dist/tex/generic/pgf/systemlayer/pgfsysprotocol.code.
tex
File: pgfsysprotocol.code.tex 2020/12/27 v3.1.8b (3.1.8b)
))
(/usr/share/texlive/texmf-dist/tex/generic/pgf/basiclayer/pgfcore.code.tex
Package: pgfcore 2020/12/27 v3.1.8b (3.1.8b)

(/usr/share/texlive/texmf-dist/tex/generic/pgf/math/pgfmath.code.tex
(/usr/share/texlive/texmf-dist/tex/generic/pgf/math/pgfmathcalc.code.tex
(/usr/share/texlive/texmf-dist/tex/generic/pgf/math/pgfmathutil.code.tex)
(/usr/share/texlive/texmf-dist/tex/generic/pgf/math/pgfmathparser.code.tex
\pgfmath@dimen=\dimen256
\pgfmath@count=\count336
\pgfmath@box=\box104
\pgfmath@toks=\toks42
\pgfmath@stack@operand=\toks43
\pgfmath@stack@operation=\toks44
)
(/usr/share/texlive/texmf-dist/tex/generic/pgf/math/pgfmathfunctions.code.tex
(/usr/share/texlive/texmf-dist/tex/generic/pgf/math/pgfmathfunctions.basic.code
.tex)
(/usr/share/texlive/texmf-dist/tex/generic/pgf/math/pgfmathfunctions.trigonomet
ric.code.tex)
(/usr/share/texlive/texmf-dist/tex/generic/pgf/math/pgfmathfunctions.random.cod
e.tex)
(/usr/share/texlive/texmf-dist/tex/generic/pgf/math/pgfmathfunctions.comparison
.code.tex)
(/usr/share/texlive/texmf-dist/tex/generic/pgf/math/pgfmathfunctions.base.code.
tex)
(/usr/share/texlive/texmf-dist/tex/generic/pgf/math/pgfmathfunctions.round.code
.tex)
(/usr/share/texlive/texmf-dist/tex/generic/pgf/math/pgfmathfunctions.misc.code.
tex)
(/usr/share/texlive/texmf-dist/tex/generic/pgf/math/pgfmathfunctions.integerari
thmetics.code.tex)))
(/usr/share/texlive/texmf-dist/tex/generic/pgf/math/pgfmathfloat.code.tex
\c@pgfmathroundto@lastzeros=\count337
))
(/usr/share/texlive/texmf-dist/tex/generic/pgf/math/pgfint.code.tex)
(/usr/share/texlive/texmf-dist/tex/generic/pgf/basiclayer/pgfcorepoints.code.te
x
File: pgfcorepoints.code.tex 2020/12/27 v3.1.8b (3.1.8b)
\pgf@picminx=\dimen257
\pgf@picmaxx=\dimen258
\pgf@picminy=\dimen259
\pgf@picmaxy=\dimen260
\pgf@pathminx=\dimen261
\pgf@pathmaxx=\dimen262
\pgf@pathminy=\dimen263
\pgf@pathmaxy=\dimen264
\pgf@xx=\dimen265
\pgf@xy=\dimen266
\pgf@yx=\dimen267
\pgf@yy=\dimen268
\pgf@zx=\dimen269
\pgf@zy=\dimen270
)
(/usr/share/texlive/texmf-dist/tex/generic/pgf/basiclayer/pgfcorepathconstruct.
code.tex
File: pgfcorepathconstruct.code.tex 2020/12/27 v3.1.8b (3.1.8b)
\pgf@path@lastx=\dimen271
\pgf@path@lasty=\dimen272
)
(/usr/share/texlive/texmf-dist/tex/generic/pgf/basiclayer/pgfcorepathusage.code
.tex
File: pgfcorepathusage.code.tex 2020/12/27 v3.1.8b (3.1.8b)
\pgf@shorten@end@additional=\dimen273
\pgf@shorten@start@additional=\dimen274
)
(/usr/share/texlive/texmf-dist/tex/generic/pgf/basiclayer/pgfcorescopes.code.te
x
File: pgfcorescopes.code.tex 2020/12/27 v3.1.8b (3.1.8b)
\pgfpic=\box105
\pgf@hbox=\box106
\pgf@layerbox@main=\box107
\pgf@picture@serial@count=\count338
)
(/usr/share/texlive/texmf-dist/tex/generic/pgf/basiclayer/pgfcoregraphicstate.c
ode.tex
File: pgfcoregraphicstate.code.tex 2020/12/27 v3.1.8b (3.1.8b)
\pgflinewidth=\dimen275
)
(/usr/share/texlive/texmf-dist/tex/generic/pgf/basiclayer/pgfcoretransformation
s.code.tex
File: pgfcoretransformations.code.tex 2020/12/27 v3.1.8b (3.1.8b)
\pgf@pt@x=\dimen276
\pgf@pt@y=\dimen277
\pgf@pt@temp=\dimen278
)
(/usr/share/texlive/texmf-dist/tex/generic/pgf/basiclayer/pgfcorequick.code.tex
File: pgfcorequick.code.tex 2020/12/27 v3.1.8b (3.1.8b)
)
(/usr/share/texlive/texmf-dist/tex/generic/pgf/basiclayer/pgfcoreobjects.code.t
ex
File: pgfcoreobjects.code.tex 2020/12/27 v3.1.8b (3.1.8b)
)
(/usr/share/texlive/texmf-dist/tex/generic/pgf/basiclayer/pgfcorepathprocessing
.code.tex
File: pgfcorepathprocessing.code.tex 2020/12/27 v3.1.8b (3.1.8b)
)
(/usr/share/texlive/texmf-dist/tex/generic/pgf/basiclayer/pgfcorearrows.code.te
x
File: pgfcorearrows.code.tex 2020/12/27 v3.1.8b (3.1.8b)
\pgfarrowsep=\dimen279
)
(/usr/share/texlive/texmf-dist/tex/generic/pgf/basiclayer/pgfcoreshade.code.tex
File: pgfcoreshade.code.tex 2020/12/27 v3.1.8b (3.1.8b)
\pgf@max=\dimen280
\pgf@sys@shading@range@num=\count339
\pgf@shadingcount=\count340
)
(/usr/share/texlive/texmf-dist/tex/generic/pgf/basiclayer/pgfcoreimage.code.tex
File: pgfcoreimage.code.tex 2020/12/27 v3.1.8b (3.1.8b)

(/usr/share/texlive/texmf-dist/tex/generic/pgf/basiclayer/pgfcoreexternal.code.
tex
File: pgfcoreexternal.code.tex 2020/12/27 v3.1.8b (3.1.8b)
\pgfexternal@startupbox=\box108
))
(/usr/share/texlive/texmf-dist/tex/generic/pgf/basiclayer/pgfcorelayers.code.te
x
File: pgfcorelayers.code.tex 2020/12/27 v3.1.8b (3.1.8b)
)
(/usr/share/texlive/texmf-dist/tex/generic/pgf/basiclayer/pgfcoretransparency.c
ode.tex
File: pgfcoretransparency.code.tex 2020/12/27 v3.1.8b (3.1.8b)
)
(/usr/share/texlive/texmf-dist/tex/generic/pgf/basiclayer/pgfcorepatterns.code.
tex
File: pgfcorepatterns.code.tex 2020/12/27 v3.1.8b (3.1.8b)
)
(/usr/share/texlive/texmf-dist/tex/generic/pgf/basiclayer/pgfcorerdf.code.tex
File: pgfcorerdf.code.tex 2020/12/27 v3.1.8b (3.1.8b)
)))
(/usr/share/texlive/texmf-dist/tex/generic/pgf/modules/pgfmoduleshapes.code.tex
File: pgfmoduleshapes.code.tex 2020/12/27 v3.1.8b (3.1.8b)
\pgfnodeparttextbox=\box109
) (/usr/share/texlive/texmf-dist/tex/generic/pgf/modules/pgfmoduleplot.code.tex
File: pgfmoduleplot.code.tex 2020/12/27 v3.1.8b (3.1.8b)
)
(/usr/share/texlive/texmf-dist/tex/latex/pgf/compatibility/pgfcomp-version-0-65
.sty
Package: pgfcomp-version-0-65 2020/12/27 v3.1.8b (3.1.8b)
\pgf@nodesepstart=\dimen281
\pgf@nodesepend=\dimen282
)
(/usr/share/texlive/texmf-dist/tex/latex/pgf/compatibility/pgfcomp-version-1-18
.sty
Package: pgfcomp-version-1-18 2020/12/27 v3.1.8b (3.1.8b)
)) (/usr/share/texlive/texmf-dist/tex/latex/pgf/utilities/pgffor.sty
(/usr/share/texlive/texmf-dist/tex/latex/pgf/utilities/pgfkeys.sty
(/usr/share/texlive/texmf-dist/tex/generic/pgf/utilities/pgfkeys.code.tex))
(/usr/share/texlive/texmf-dist/tex/latex/pgf/math/pgfmath.sty
(/usr/share/texlive/texmf-dist/tex/generic/pgf/math/pgfmath.code.tex))
(/usr/share/texlive/texmf-dist/tex/generic/pgf/utilities/pgffor.code.tex
Package: pgffor 2020/12/27 v3.1.8b (3.1.8b)

(/usr/share/texlive/texmf-dist/tex/generic/pgf/math/pgfmath.code.tex)
\pgffor@iter=\dimen283
\pgffor@skip=\dimen284
\pgffor@stack=\toks45
\pgffor@toks=\toks46
))
(/usr/share/texlive/texmf-dist/tex/generic/pgf/frontendlayer/tikz/tikz.code.tex
Package: tikz 2020/12/27 v3.1.8b (3.1.8b)

(/usr/share/texlive/texmf-dist/tex/generic/pgf/libraries/pgflibraryplothandlers
.code.tex
File: pgflibraryplothandlers.code.tex 2020/12/27 v3.1.8b (3.1.8b)
\pgf@plot@mark@count=\count341
\pgfplotmarksize=\dimen285
)
\tikz@lastx=\dimen286
\tikz@lasty=\dimen287
\tikz@lastxsaved=\dimen288
\tikz@lastysaved=\dimen289
\tikz@lastmovetox=\dimen290
\tikz@lastmovetoy=\dimen291
\tikzleveldistance=\dimen292
\tikzsiblingdistance=\dimen293
\tikz@figbox=\box110
\tikz@figbox@bg=\box111
\tikz@tempbox=\box112
\tikz@tempbox@bg=\box113
\tikztreelevel=\count342
\tikznumberofchildren=\count343
\tikznumberofcurrentchild=\count344
\tikz@fig@count=\count345

(/usr/share/texlive/texmf-dist/tex/generic/pgf/modules/pgfmodulematrix.code.tex
File: pgfmodulematrix.code.tex 2020/12/27 v3.1.8b (3.1.8b)
\pgfmatrixcurrentrow=\count346
\pgfmatrixcurrentcolumn=\count347
\pgf@matrix@numberofcolumns=\count348
)
\tikz@expandcount=\count349

(/usr/share/texlive/texmf-dist/tex/generic/pgf/frontendlayer/tikz/libraries/tik
zlibrarytopaths.code.tex
File: tikzlibrarytopaths.code.tex 2020/12/27 v3.1.8b (3.1.8b)
)))
(/usr/share/texlive/texmf-dist/tex/generic/tikz-cd/tikzlibrarycd.code.tex
(/usr/share/texlive/texmf-dist/tex/generic/pgf/frontendlayer/tikz/libraries/tik
zlibrarymatrix.code.tex
File: tikzlibrarymatrix.code.tex 2020/12/27 v3.1.8b (3.1.8b)
)
(/usr/share/texlive/texmf-dist/tex/generic/pgf/frontendlayer/tikz/libraries/tik
zlibraryquotes.code.tex
File: tikzlibraryquotes.code.tex 2020/12/27 v3.1.8b (3.1.8b)
)
(/usr/share/texlive/texmf-dist/tex/generic/pgf/libraries/pgflibraryarrows.meta.
code.tex
File: pgflibraryarrows.meta.code.tex 2020/12/27 v3.1.8b (3.1.8b)
\pgfarrowinset=\dimen294
\pgfarrowlength=\dimen295
\pgfarrowwidth=\dimen296
\pgfarrowlinewidth=\dimen297
))) (/usr/share/texlive/texmf-dist/tex/latex/multirow/multirow.sty
Package: multirow 2021/01/29 v2.7 Span multiple rows of a table
\multirow@colwidth=\skip59
\multirow@cntb=\count350
\multirow@dima=\skip60
\bigstrutjot=\dimen298
)
(/usr/share/texlive/texmf-dist/tex/generic/oberdiek/iflang.sty
Package: iflang 2018/01/21 v1.7 Checks for the current language (HO)
Package iflang Info: Naming convention for patterns: babel.
)
(/usr/share/texlive/texmf-dist/tex/latex/l3backend/l3backend-pdftex.def
File: l3backend-pdftex.def 2020-01-29 L3 backend support: PDF output (pdfTeX)
\l__color_backend_stack_int=\count351
\l__pdf_internal_box=\box114
)

LaTeX Warning: Unused global option(s):
    [a4papaer].

(./main.aux

LaTeX Warning: Label `fig:webwire-screen-1' multiply defined.


LaTeX Warning: Label `fig:webwire-screen-1' multiply defined.


LaTeX Warning: Label `fig:webwire-screen-1' multiply defined.


LaTeX Warning: Label `fig:webwire-screen-1' multiply defined.


LaTeX Warning: Label `fig:webwire-screen-1' multiply defined.


LaTeX Warning: Label `fig:webwire-screen-1' multiply defined.


LaTeX Warning: Label `fig:webwire-screen-1' multiply defined.


LaTeX Warning: Label `fig:webwire-screen-1' multiply defined.


LaTeX Warning: Label `fig:webwire-screen-1' multiply defined.


LaTeX Warning: Label `fig:webwire-screen-1' multiply defined.

)
\openout1 = `main.aux'.

LaTeX Font Info:    Checking defaults for OML/cmm/m/it on input line 83.
LaTeX Font Info:    ... okay on input line 83.
LaTeX Font Info:    Checking defaults for OMS/cmsy/m/n on input line 83.
LaTeX Font Info:    ... okay on input line 83.
LaTeX Font Info:    Checking defaults for OT1/cmr/m/n on input line 83.
LaTeX Font Info:    ... okay on input line 83.
LaTeX Font Info:    Checking defaults for T1/cmr/m/n on input line 83.
LaTeX Font Info:    ... okay on input line 83.
LaTeX Font Info:    Checking defaults for TS1/cmr/m/n on input line 83.
LaTeX Font Info:    ... okay on input line 83.
LaTeX Font Info:    Checking defaults for OMX/cmex/m/n on input line 83.
LaTeX Font Info:    ... okay on input line 83.
LaTeX Font Info:    Checking defaults for U/cmr/m/n on input line 83.
LaTeX Font Info:    ... okay on input line 83.
LaTeX Font Info:    Checking defaults for PD1/pdf/m/n on input line 83.
LaTeX Font Info:    ... okay on input line 83.
LaTeX Info: Redefining \microtypecontext on input line 83.
Package microtype Info: Generating PDF output.
Package microtype Info: Character protrusion enabled (level 2).
Package microtype Info: Using default protrusion set `alltext'.
Package microtype Info: Automatic font expansion enabled (level 2),
(microtype)             stretch: 20, shrink: 20, step: 1, non-selected.
Package microtype Info: Using default expansion set `alltext-nott'.
LaTeX Info: Redefining \showhyphens on input line 83.
Package microtype Info: No adjustment of tracking.
Package microtype Info: No adjustment of interword spacing.
Package microtype Info: No adjustment of character kerning.
 (/usr/share/texlive/texmf-dist/tex/latex/microtype/mt-cmr.cfg
File: mt-cmr.cfg 2013/05/19 v2.2 microtype config. file: Computer Modern Roman 
(RS)
)
Package hyperref Info: Link coloring OFF on input line 83.

(/usr/share/texlive/texmf-dist/tex/latex/hyperref/nameref.sty
Package: nameref 2019/09/16 v2.46 Cross-referencing by name of section

(/usr/share/texlive/texmf-dist/tex/latex/refcount/refcount.sty
Package: refcount 2019/12/15 v3.6 Data extraction from label references (HO)
)
(/usr/share/texlive/texmf-dist/tex/generic/gettitlestring/gettitlestring.sty
Package: gettitlestring 2019/12/15 v1.6 Cleanup title references (HO)
)
\c@section@level=\count352
)
LaTeX Info: Redefining \ref on input line 83.
LaTeX Info: Redefining \pageref on input line 83.
LaTeX Info: Redefining \nameref on input line 83.

(./main.out) (./main.out)
\@outlinefile=\write4
\openout4 = `main.out'.


(/usr/share/texlive/texmf-dist/tex/context/base/mkii/supp-pdf.mkii
[Loading MPS to PDF converter (version 2006.09.02).]
\scratchcounter=\count353
\scratchdimen=\dimen299
\scratchbox=\box115
\nofMPsegments=\count354
\nofMParguments=\count355
\everyMPshowfont=\toks47
\MPscratchCnt=\count356
\MPscratchDim=\dimen300
\MPnumerator=\count357
\makeMPintoPDFobject=\count358
\everyMPtoPDFconversion=\toks48
) (/usr/share/texlive/texmf-dist/tex/latex/epstopdf-pkg/epstopdf-base.sty
Package: epstopdf-base 2020-01-24 v2.11 Base part for package epstopdf
Package epstopdf-base Info: Redefining graphics rule for `.eps' on input line 4
85.

(/usr/share/texlive/texmf-dist/tex/latex/latexconfig/epstopdf-sys.cfg
File: epstopdf-sys.cfg 2010/07/13 v1.3 Configuration of (r)epstopdf for TeX Liv
e
))
\c@lstlisting=\count359
<sec/UDL.png, id=216, 253.94875pt x 199.74625pt>
File: sec/UDL.png Graphic file (type png)
<use sec/UDL.png>
Package pdftex.def Info: sec/UDL.png  used on input line 89.
(pdftex.def)             Requested size: 142.26378pt x 111.90285pt.

Overfull \hbox (42.03893pt too wide) in paragraph at lines 94--96
 [] 
 []


Overfull \hbox (42.03893pt too wide) in paragraph at lines 101--102
 [] 
 []

LaTeX Font Info:    Trying to load font information for U+lasy on input line 11
1.
(/usr/share/texlive/texmf-dist/tex/latex/base/ulasy.fd
File: ulasy.fd 1998/08/17 v2.2e LaTeX symbol font definitions
)
LaTeX Font Info:    Trying to load font information for U+msa on input line 111
.

(/usr/share/texlive/texmf-dist/tex/latex/amsfonts/umsa.fd
File: umsa.fd 2013/01/14 v3.01 AMS symbols A
)
(/usr/share/texlive/texmf-dist/tex/latex/microtype/mt-msa.cfg
File: mt-msa.cfg 2006/02/04 v1.1 microtype config. file: AMS symbols (a) (RS)
)
LaTeX Font Info:    Trying to load font information for U+msb on input line 111
.

(/usr/share/texlive/texmf-dist/tex/latex/amsfonts/umsb.fd
File: umsb.fd 2013/01/14 v3.01 AMS symbols B
)
(/usr/share/texlive/texmf-dist/tex/latex/microtype/mt-msb.cfg
File: mt-msb.cfg 2005/06/01 v1.0 microtype config. file: AMS symbols (b) (RS)
) [1

{/var/lib/texmf/fonts/map/pdftex/updmap/pdftex.map} <./sec/UDL.png>] (./main.to
cpdfTeX warning (ext4): destination with the same identifier (name{page.1}) has
 been already used, duplicate ignored
<to be read again> 
                   \relax 
l.35 ...rline {8.2}21-11-2021}{44}{subsection.8.2}
                                                  % [1])
\tf@toc=\write5
\openout5 = `main.toc'.

 (./main.lof [2]
[3])
\tf@lof=\write6
\openout6 = `main.lof'.

 (./main.lot)
\tf@lot=\write7
\openout7 = `main.lot'.

 [4] (./sec/techdoc.tex [5]
<sec//img/kanban.png, id=428, 1335.99126pt x 700.6175pt>
File: sec//img/kanban.png Graphic file (type png)
<use sec//img/kanban.png>
Package pdftex.def Info: sec//img/kanban.png  used on input line 57.
(pdftex.def)             Requested size: 426.79134pt x 223.81732pt.

Underfull \hbox (badness 10000) in paragraph at lines 46--59

 []

Package microtype Info: Loading generic protrusion settings for font family
(microtype)             `cmtt' (encoding: OT1).
(microtype)             For optimal results, create family-specific settings.
(microtype)             See the microtype manual for details.
[6 <./sec//img/kanban.png>] [7]
<sec//img/sprint3-backend.png, id=442, 1321.93875pt x 93.34875pt>
File: sec//img/sprint3-backend.png Graphic file (type png)
<use sec//img/sprint3-backend.png>
Package pdftex.def Info: sec//img/sprint3-backend.png  used on input line 122.
(pdftex.def)             Requested size: 426.79134pt x 30.13713pt.

Underfull \hbox (badness 10000) in paragraph at lines 116--124

 []

<sec//img/sprint3-web.png, id=443, 1312.905pt x 97.36375pt>
File: sec//img/sprint3-web.png Graphic file (type png)
<use sec//img/sprint3-web.png>
Package pdftex.def Info: sec//img/sprint3-web.png  used on input line 131.
(pdftex.def)             Requested size: 426.79134pt x 31.65025pt.

Underfull \hbox (badness 10000) in paragraph at lines 125--133

 []

<sec//img/sprint3-mobile.png, id=444, 1302.8675pt x 93.34875pt>
File: sec//img/sprint3-mobile.png Graphic file (type png)
<use sec//img/sprint3-mobile.png>
Package pdftex.def Info: sec//img/sprint3-mobile.png  used on input line 139.
(pdftex.def)             Requested size: 426.79134pt x 30.57869pt.

Underfull \hbox (badness 10000) in paragraph at lines 134--141

 []

[8 <./sec//img/sprint3-backend.png> <./sec//img/sprint3-web.png>]
Underfull \hbox (badness 10000) in paragraph at lines 146--149

 []

[9 <./sec//img/sprint3-mobile.png>]
<sec//use_case_diagram/usecase_diagram.png, id=456, 678.535pt x 682.55pt>
File: sec//use_case_diagram/usecase_diagram.png Graphic file (type png)
<use sec//use_case_diagram/usecase_diagram.png>
Package pdftex.def Info: sec//use_case_diagram/usecase_diagram.png  used on inp
ut line 203.
(pdftex.def)             Requested size: 427.43153pt x 429.95671pt.


LaTeX Warning: `h' float specifier changed to `ht'.

[10] [11 <./sec//use_case_diagram/usecase_diagram.png (PNG copy)>]
<sec//architecture_diagram/Architecture.drawio.png, id=465, 452.69125pt x 655.4
4875pt>
File: sec//architecture_diagram/Architecture.drawio.png Graphic file (type png)

<use sec//architecture_diagram/Architecture.drawio.png>
Package pdftex.def Info: sec//architecture_diagram/Architecture.drawio.png  use
d on input line 339.
(pdftex.def)             Requested size: 256.46152pt x 371.32936pt.
 [12]
(./sec/backend.tex
<sec//img/api-calls.png, id=472, 495.8525pt x 518.93875pt>
File: sec//img/api-calls.png Graphic file (type png)
<use sec//img/api-calls.png>
Package pdftex.def Info: sec//img/api-calls.png  used on input line 20.
(pdftex.def)             Requested size: 256.46152pt x 268.40063pt.

Underfull \hbox (badness 10000) in paragraph at lines 5--22

 []


Underfull \hbox (badness 10000) in paragraph at lines 5--22

 []


Underfull \hbox (badness 10000) in paragraph at lines 5--22

 []


Underfull \hbox (badness 10000) in paragraph at lines 5--22

 []

[13 <./sec//architecture_diagram/Architecture.drawio.png>]) (./sec/mobile.tex

LaTeX Warning: Reference `sec:redux' on page 14 undefined on input line 13.


LaTeX Warning: Reference `sec:flutter-changes' on page 14 undefined on input li
ne 13.


Underfull \hbox (badness 10000) in paragraph at lines 6--14

 []

[14 <./sec//img/api-calls.png (PNG copy)>]
Underfull \hbox (badness 10000) in paragraph at lines 16--21

 []


Underfull \hbox (badness 10000) in paragraph at lines 16--21

 []

<sec//img/redux.png, id=490, 762.85pt x 393.47pt>
File: sec//img/redux.png Graphic file (type png)
<use sec//img/redux.png>
Package pdftex.def Info: sec//img/redux.png  used on input line 29.
(pdftex.def)             Requested size: 341.94652pt x 176.36942pt.

Underfull \hbox (badness 10000) in paragraph at lines 22--32

 []


Underfull \hbox (badness 10000) in paragraph at lines 22--32

 []


Underfull \hbox (badness 10000) in paragraph at lines 22--32

 []

[15]
Underfull \hbox (badness 10000) in paragraph at lines 33--40

 []


Underfull \hbox (badness 10000) in paragraph at lines 33--40

 []


Underfull \hbox (badness 10000) in paragraph at lines 43--50

 []


Underfull \hbox (badness 10000) in paragraph at lines 43--50

 []

[16 <./sec//img/redux.png>]) (./sec/frontend.tex
Underfull \hbox (badness 10000) in paragraph at lines 5--23

 []

[17]
Underfull \hbox (badness 10000) in paragraph at lines 24--35

 []


Underfull \hbox (badness 10000) in paragraph at lines 43--51

 []

)
<sec//img/database-model-new.png, id=506, 879.285pt x 805.0075pt>
File: sec//img/database-model-new.png Graphic file (type png)
<use sec//img/database-model-new.png>
Package pdftex.def Info: sec//img/database-model-new.png  used on input line 35
3.
(pdftex.def)             Requested size: 427.43153pt x 391.32486pt.
 [18]
Underfull \hbox (badness 10000) in paragraph at lines 359--362

 []

[19 <./sec//img/database-model-new.png (PNG copy)>]
<sec//stateapp.png, id=517, 3030.32124pt x 1364.09625pt>
File: sec//stateapp.png Graphic file (type png)
<use sec//stateapp.png>
Package pdftex.def Info: sec//stateapp.png  used on input line 367.
(pdftex.def)             Requested size: 398.33858pt x 179.29529pt.
<sec//img/home-page.jpeg, id=526, 638.385pt x 1130.2225pt>
File: sec//img/home-page.jpeg Graphic file (type jpg)
<use sec//img/home-page.jpeg>
Package pdftex.def Info: sec//img/home-page.jpeg  used on input line 382.
(pdftex.def)             Requested size: 213.71576pt x 378.37251pt.

Underfull \hbox (badness 10000) in paragraph at lines 374--385

 []


Underfull \hbox (badness 10000) in paragraph at lines 374--385

 []

[20 <./sec//stateapp.png (PNG copy)>]
<sec//img/login-page.jpeg, id=531, 636.3775pt x 1132.23pt>
File: sec//img/login-page.jpeg Graphic file (type jpg)
<use sec//img/login-page.jpeg>
Package pdftex.def Info: sec//img/login-page.jpeg  used on input line 389.
(pdftex.def)             Requested size: 213.71576pt x 380.23665pt.
 [21 <./sec//img/home-page.jpeg>]
<sec//img/register-page.jpeg, id=536, 638.385pt x 1131.22626pt>
File: sec//img/register-page.jpeg Graphic file (type jpg)
<use sec//img/register-page.jpeg>
Package pdftex.def Info: sec//img/register-page.jpeg  used on input line 396.
(pdftex.def)             Requested size: 213.71576pt x 378.70854pt.
 [22 <./sec//img/login-page.jpeg>]
<sec//img/chat-list.jpeg, id=541, 633.36626pt x 1133.23375pt>
File: sec//img/chat-list.jpeg Graphic file (type jpg)
<use sec//img/chat-list.jpeg>
Package pdftex.def Info: sec//img/chat-list.jpeg  used on input line 403.
(pdftex.def)             Requested size: 213.71576pt x 382.37207pt.
 [23 <./sec//img/register-page.jpeg>]
<sec//img/chat-conversation.jpeg, id=546, 636.3775pt x 1132.23pt>
File: sec//img/chat-conversation.jpeg Graphic file (type jpg)
<use sec//img/chat-conversation.jpeg>
Package pdftex.def Info: sec//img/chat-conversation.jpeg  used on input line 41
0.
(pdftex.def)             Requested size: 213.71576pt x 380.23665pt.
 [24 <./sec//img/chat-list.jpeg>]
<sec//img/formal-offers.jpeg, id=552, 633.36626pt x 1132.23pt>
File: sec//img/formal-offers.jpeg Graphic file (type jpg)
<use sec//img/formal-offers.jpeg>
Package pdftex.def Info: sec//img/formal-offers.jpeg  used on input line 417.
(pdftex.def)             Requested size: 213.71576pt x 382.03339pt.
 [25 <./sec//img/chat-conversation.jpeg>]
<sec//img/enterprise-profile.png, id=557, 317.185pt x 567.11874pt>
File: sec//img/enterprise-profile.png Graphic file (type png)
<use sec//img/enterprise-profile.png>
Package pdftex.def Info: sec//img/enterprise-profile.png  used on input line 42
4.
(pdftex.def)             Requested size: 213.71576pt x 382.13097pt.
 [26 <./sec//img/formal-offers.jpeg>]
<sec//img/menu-profile.jpeg, id=562, 635.37375pt x 1130.2225pt>
File: sec//img/menu-profile.jpeg Graphic file (type jpg)
<use sec//img/menu-profile.jpeg>
Package pdftex.def Info: sec//img/menu-profile.jpeg  used on input line 431.
(pdftex.def)             Requested size: 213.71576pt x 380.16608pt.
 [27 <./sec//img/enterprise-profile.png>]
<sec//img/mobile-screen-8.jpg, id=572, 578.16pt x 1284.8pt>
File: sec//img/mobile-screen-8.jpg Graphic file (type jpg)
<use sec//img/mobile-screen-8.jpg>
Package pdftex.def Info: sec//img/mobile-screen-8.jpg  used on input line 445.
(pdftex.def)             Requested size: 213.71576pt x 474.91766pt.

Underfull \hbox (badness 10000) in paragraph at lines 438--448

 []


Underfull \hbox (badness 10000) in paragraph at lines 438--448

 []

[28 <./sec//img/menu-profile.jpeg>]
<sec//img/mobile-screen-7.jpg, id=577, 578.16pt x 1284.8pt>
File: sec//img/mobile-screen-7.jpg Graphic file (type jpg)
<use sec//img/mobile-screen-7.jpg>
Package pdftex.def Info: sec//img/mobile-screen-7.jpg  used on input line 451.
(pdftex.def)             Requested size: 213.71576pt x 474.91766pt.
<sec//img/mobile-screen-6.jpg, id=578, 578.16pt x 1284.8pt>
File: sec//img/mobile-screen-6.jpg Graphic file (type jpg)
<use sec//img/mobile-screen-6.jpg>
Package pdftex.def Info: sec//img/mobile-screen-6.jpg  used on input line 457.
(pdftex.def)             Requested size: 213.71576pt x 474.91766pt.
 [29 <./sec//img/mobile-screen-8.jpg>]
<sec//img/mobile-screen-5.jpg, id=583, 578.16pt x 1284.8pt>
File: sec//img/mobile-screen-5.jpg Graphic file (type jpg)
<use sec//img/mobile-screen-5.jpg>
Package pdftex.def Info: sec//img/mobile-screen-5.jpg  used on input line 463.
(pdftex.def)             Requested size: 213.71576pt x 474.91766pt.

[30 <./sec//img/mobile-screen-7.jpg>]
<sec//img/mobile-screen-4.jpg, id=589, 578.16pt x 1284.8pt>
File: sec//img/mobile-screen-4.jpg Graphic file (type jpg)
<use sec//img/mobile-screen-4.jpg>
Package pdftex.def Info: sec//img/mobile-screen-4.jpg  used on input line 469.
(pdftex.def)             Requested size: 213.71576pt x 474.91766pt.
 [31 <./sec//img/mobile-screen-6.jpg>]
<sec//img/mobile-screen-3.jpg, id=594, 578.16pt x 1284.8pt>
File: sec//img/mobile-screen-3.jpg Graphic file (type jpg)
<use sec//img/mobile-screen-3.jpg>
Package pdftex.def Info: sec//img/mobile-screen-3.jpg  used on input line 475.
(pdftex.def)             Requested size: 213.71576pt x 474.91766pt.

[32 <./sec//img/mobile-screen-5.jpg>]
<sec//img/mobile-screen-2.jpg, id=599, 578.16pt x 1284.8pt>
File: sec//img/mobile-screen-2.jpg Graphic file (type jpg)
<use sec//img/mobile-screen-2.jpg>
Package pdftex.def Info: sec//img/mobile-screen-2.jpg  used on input line 481.
(pdftex.def)             Requested size: 213.71576pt x 474.91766pt.
 [33 <./sec//img/mobile-screen-4.jpg>]
<sec//img/mobile-screen-1.jpg, id=604, 578.16pt x 1284.8pt>
File: sec//img/mobile-screen-1.jpg Graphic file (type jpg)
<use sec//img/mobile-screen-1.jpg>
Package pdftex.def Info: sec//img/mobile-screen-1.jpg  used on input line 487.
(pdftex.def)             Requested size: 213.71576pt x 474.91766pt.

[34 <./sec//img/mobile-screen-3.jpg>] [35 <./sec//img/mobile-screen-2.jpg>]
<sec//img/webwire_1.jpeg, id=614, 2007.5pt x 1505.625pt>
File: sec//img/webwire_1.jpeg Graphic file (type jpg)
<use sec//img/webwire_1.jpeg>
Package pdftex.def Info: sec//img/webwire_1.jpeg  used on input line 499.
(pdftex.def)             Requested size: 213.71576pt x 160.26633pt.
<sec//img/webwire_2.jpeg, id=615, 2007.5pt x 1505.625pt>
File: sec//img/webwire_2.jpeg Graphic file (type jpg)
<use sec//img/webwire_2.jpeg>
Package pdftex.def Info: sec//img/webwire_2.jpeg  used on input line 505.
(pdftex.def)             Requested size: 213.71576pt x 160.26633pt.

[36 <./sec//img/mobile-screen-1.jpg>]
<sec//img/webwire_3.jpeg, id=621, 2007.5pt x 1505.625pt>
File: sec//img/webwire_3.jpeg Graphic file (type jpg)
<use sec//img/webwire_3.jpeg>
Package pdftex.def Info: sec//img/webwire_3.jpeg  used on input line 511.
(pdftex.def)             Requested size: 213.71576pt x 160.26633pt.
<sec//img/webwire_4.jpeg, id=622, 2007.5pt x 1505.625pt>
File: sec//img/webwire_4.jpeg Graphic file (type jpg)
<use sec//img/webwire_4.jpeg>
Package pdftex.def Info: sec//img/webwire_4.jpeg  used on input line 517.
(pdftex.def)             Requested size: 213.71576pt x 160.26633pt.
<sec//img/webwire_5.jpeg, id=623, 2007.5pt x 1505.625pt>
File: sec//img/webwire_5.jpeg Graphic file (type jpg)
<use sec//img/webwire_5.jpeg>
Package pdftex.def Info: sec//img/webwire_5.jpeg  used on input line 523.
(pdftex.def)             Requested size: 213.71576pt x 160.26633pt.
 [37 <./sec//img/webwire_1.jpeg> <./sec//img/webwire_2.jpeg> <./sec//img/webwir
e_3.jpeg>]
<sec//img/webwire_6.jpeg, id=628, 2007.5pt x 1505.625pt>
File: sec//img/webwire_6.jpeg Graphic file (type jpg)
<use sec//img/webwire_6.jpeg>
Package pdftex.def Info: sec//img/webwire_6.jpeg  used on input line 529.
(pdftex.def)             Requested size: 213.71576pt x 160.26633pt.
<sec//img/webwire_7.jpeg, id=629, 2007.5pt x 1505.625pt>
File: sec//img/webwire_7.jpeg Graphic file (type jpg)
<use sec//img/webwire_7.jpeg>
Package pdftex.def Info: sec//img/webwire_7.jpeg  used on input line 535.
(pdftex.def)             Requested size: 213.71576pt x 160.26633pt.
<sec//img/webwire_8.jpeg, id=630, 2007.5pt x 1505.625pt>
File: sec//img/webwire_8.jpeg Graphic file (type jpg)
<use sec//img/webwire_8.jpeg>
Package pdftex.def Info: sec//img/webwire_8.jpeg  used on input line 541.
(pdftex.def)             Requested size: 213.71576pt x 160.26633pt.
 [38 <./sec//img/webwire_4.jpeg> <./sec//img/webwire_5.jpeg> <./sec//img/webwir
e_6.jpeg>]
<sec//img/webwire_9.jpeg, id=635, 2007.5pt x 1505.625pt>
File: sec//img/webwire_9.jpeg Graphic file (type jpg)
<use sec//img/webwire_9.jpeg>
Package pdftex.def Info: sec//img/webwire_9.jpeg  used on input line 547.
(pdftex.def)             Requested size: 213.71576pt x 160.26633pt.
<sec//img/webwire_10.jpeg, id=636, 2007.5pt x 1505.625pt>
File: sec//img/webwire_10.jpeg Graphic file (type jpg)
<use sec//img/webwire_10.jpeg>
Package pdftex.def Info: sec//img/webwire_10.jpeg  used on input line 553.
(pdftex.def)             Requested size: 213.71576pt x 160.26633pt.
<sec//img/webwire_11.jpeg, id=637, 2007.5pt x 1505.625pt>
File: sec//img/webwire_11.jpeg Graphic file (type jpg)
<use sec//img/webwire_11.jpeg>
Package pdftex.def Info: sec//img/webwire_11.jpeg  used on input line 559.
(pdftex.def)             Requested size: 213.71576pt x 160.26633pt.
 [39 <./sec//img/webwire_7.jpeg> <./sec//img/webwire_8.jpeg> <./sec//img/webwir
e_9.jpeg>]
<sec//img/webclient_2.png, id=642, 1155.71774pt x 566.115pt>
File: sec//img/webclient_2.png Graphic file (type png)
<use sec//img/webclient_2.png>
Package pdftex.def Info: sec//img/webclient_2.png  used on input line 568.
(pdftex.def)             Requested size: 213.71576pt x 104.68643pt.
<sec//img/webclient_3.png, id=643, 1155.71774pt x 563.10374pt>
File: sec//img/webclient_3.png Graphic file (type png)
<use sec//img/webclient_3.png>
Package pdftex.def Info: sec//img/webclient_3.png  used on input line 574.
(pdftex.def)             Requested size: 213.71576pt x 104.1296pt.
<sec//img/webclient_4.png, id=644, 1155.71774pt x 564.30824pt>
File: sec//img/webclient_4.png Graphic file (type png)
<use sec//img/webclient_4.png>
Package pdftex.def Info: sec//img/webclient_4.png  used on input line 580.
(pdftex.def)             Requested size: 213.71576pt x 104.35233pt.
 [40 <./sec//img/webwire_10.jpeg> <./sec//img/webwire_11.jpeg> <./sec//img/webc
lient_2.png>]
<sec//img/webclient_5.png, id=650, 1155.71774pt x 564.30824pt>
File: sec//img/webclient_5.png Graphic file (type png)
<use sec//img/webclient_5.png>
Package pdftex.def Info: sec//img/webclient_5.png  used on input line 586.
(pdftex.def)             Requested size: 213.71576pt x 104.35233pt.
<sec//img/webclient_6.png, id=651, 1155.71774pt x 564.9105pt>
File: sec//img/webclient_6.png Graphic file (type png)
<use sec//img/webclient_6.png>
Package pdftex.def Info: sec//img/webclient_6.png  used on input line 592.
(pdftex.def)             Requested size: 213.71576pt x 104.4637pt.
<sec//img/webclient_7.png, id=652, 1155.71774pt x 563.706pt>
File: sec//img/webclient_7.png Graphic file (type png)
<use sec//img/webclient_7.png>
Package pdftex.def Info: sec//img/webclient_7.png  used on input line 598.
(pdftex.def)             Requested size: 213.71576pt x 104.24097pt.
<sec//img/webclient_8.png, id=653, 1155.71774pt x 564.9105pt>
File: sec//img/webclient_8.png Graphic file (type png)
<use sec//img/webclient_8.png>
Package pdftex.def Info: sec//img/webclient_8.png  used on input line 604.
(pdftex.def)             Requested size: 213.71576pt x 104.4637pt.
 [41 <./sec//img/webclient_3.png> <./sec//img/webclient_4.png> <./sec//img/webc
lient_5.png> <./sec//img/webclient_6.png>]
<sec//img/webclient_9.png, id=662, 1155.71774pt x 563.706pt>
File: sec//img/webclient_9.png Graphic file (type png)
<use sec//img/webclient_9.png>
Package pdftex.def Info: sec//img/webclient_9.png  used on input line 610.
(pdftex.def)             Requested size: 213.71576pt x 104.24097pt.
<sec//img/webclient_10.png, id=663, 1155.71774pt x 566.115pt>
File: sec//img/webclient_10.png Graphic file (type png)
<use sec//img/webclient_10.png>
Package pdftex.def Info: sec//img/webclient_10.png  used on input line 616.
(pdftex.def)             Requested size: 213.71576pt x 104.68643pt.
<sec//img/webclient_11.png, id=664, 1155.71774pt x 564.9105pt>
File: sec//img/webclient_11.png Graphic file (type png)
<use sec//img/webclient_11.png>
Package pdftex.def Info: sec//img/webclient_11.png  used on input line 622.
(pdftex.def)             Requested size: 213.71576pt x 104.4637pt.
<sec//img/webclient_13.png, id=665, 1155.71774pt x 566.71725pt>
File: sec//img/webclient_13.png Graphic file (type png)
<use sec//img/webclient_13.png>
Package pdftex.def Info: sec//img/webclient_13.png  used on input line 628.
(pdftex.def)             Requested size: 213.71576pt x 104.7978pt.
 [42 <./sec//img/webclient_7.png> <./sec//img/webclient_8.png> <./sec//img/webc
lient_9.png> <./sec//img/webclient_10.png>]
<sec//img/webclient_14.png, id=675, 1155.71774pt x 562.5015pt>
File: sec//img/webclient_14.png Graphic file (type png)
<use sec//img/webclient_14.png>
Package pdftex.def Info: sec//img/webclient_14.png  used on input line 634.
(pdftex.def)             Requested size: 213.71576pt x 104.01822pt.
<sec//img/webclient_15.png, id=676, 1155.71774pt x 564.9105pt>
File: sec//img/webclient_15.png Graphic file (type png)
<use sec//img/webclient_15.png>
Package pdftex.def Info: sec//img/webclient_15.png  used on input line 640.
(pdftex.def)             Requested size: 213.71576pt x 104.4637pt.
<sec//img/webclient-16.jpg, id=677, 1606.0pt x 784.9325pt>
File: sec//img/webclient-16.jpg Graphic file (type jpg)
<use sec//img/webclient-16.jpg>
Package pdftex.def Info: sec//img/webclient-16.jpg  used on input line 646.
(pdftex.def)             Requested size: 213.71576pt x 104.4522pt.
 [43 <./sec//img/webclient_11.png> <./sec//img/webclient_13.png> <./sec//img/we
bclient_14.png> <./sec//img/webclient_15.png>] [44 <./sec//img/webclient-16.jpg
>] [45]) (./sec/doc.tex
Underfull \hbox (badness 10000) in paragraph at lines 8--16

 []


Underfull \hbox (badness 10000) in paragraph at lines 8--16

 []

[46] [47]
<sec//img/pessimistic.png, id=703, 1033.8625pt x 612.2875pt>
File: sec//img/pessimistic.png Graphic file (type png)
<use sec//img/pessimistic.png>
Package pdftex.def Info: sec//img/pessimistic.png  used on input line 75.
(pdftex.def)             Requested size: 398.33858pt x 235.90425pt.
 [48]
<sec//img/mean.png, id=709, 1059.96pt x 594.22pt>
File: sec//img/mean.png Graphic file (type png)
<use sec//img/mean.png>
Package pdftex.def Info: sec//img/mean.png  used on input line 97.
(pdftex.def)             Requested size: 398.33858pt x 223.3125pt.
 [49 <./sec//img/pessimistic.png>]
<sec//img/optimistic.png, id=716, 1042.89626pt x 630.355pt>
File: sec//img/optimistic.png Graphic file (type png)
<use sec//img/optimistic.png>
Package pdftex.def Info: sec//img/optimistic.png  used on input line 117.
(pdftex.def)             Requested size: 398.33858pt x 240.76854pt.
 [50 <./sec//img/mean.png>]
<sec//roi2.png, id=727, 760.8425pt x 202.7575pt>
File: sec//roi2.png Graphic file (type png)
<use sec//roi2.png>
Package pdftex.def Info: sec//roi2.png  used on input line 129.
(pdftex.def)             Requested size: 312.9803pt x 83.40646pt.

Underfull \hbox (badness 10000) in paragraph at lines 123--132

 []

<sec//img/indices2.png, id=728, 626.34pt x 170.6375pt>
File: sec//img/indices2.png Graphic file (type png)
<use sec//img/indices2.png>
Package pdftex.def Info: sec//img/indices2.png  used on input line 139.
(pdftex.def)             Requested size: 312.9803pt x 85.26906pt.

Underfull \hbox (badness 10000) in paragraph at lines 133--142

 []

[51 <./sec//img/optimistic.png> <./sec//roi2.png>]
<sec//img/bep-year2.png, id=735, 639.38875pt x 218.8175pt>
File: sec//img/bep-year2.png Graphic file (type png)
<use sec//img/bep-year2.png>
Package pdftex.def Info: sec//img/bep-year2.png  used on input line 145.
(pdftex.def)             Requested size: 312.9803pt x 107.11131pt.
<sec//img/CashFlow.png, id=737, 891.33pt x 549.05125pt>
File: sec//img/CashFlow.png Graphic file (type png)
<use sec//img/CashFlow.png>
Package pdftex.def Info: sec//img/CashFlow.png  used on input line 153.
(pdftex.def)             Requested size: 426.79134pt x 262.89651pt.


LaTeX Warning: `h' float specifier changed to `ht'.

) [52 <./sec//img/indices2.png> <./sec//img/bep-year2.png>] [53 <./sec//img/Cas
hFlow.png>] (./main.aux)

LaTeX Warning: There were undefined references.


LaTeX Warning: There were multiply-defined labels.

Package rerunfilecheck Info: File `main.out' has not changed.
(rerunfilecheck)             Checksum: 84B07773CB58B47F25B1D453DEFC4D68;3327.
 ) 
Here is how much of TeX's memory you used:
 24012 strings out of 481190
 444908 string characters out of 5913949
 796894 words of memory out of 5000000
 40041 multiletter control sequences out of 15000+600000
 418259 words of font info for 146 fonts, out of 8000000 for 9000
 40 hyphenation exceptions out of 8191
 101i,10n,102p,1004b,573s stack positions out of 5000i,500n,10000p,200000b,80000s
pdfTeX warning (dest): name{Hfootnote.1} has been referenced but does not exi
st, replaced by a fixed one

 </home/oriol/.texlive2020/texmf-var/fonts/pk/ljfour/jknappen/ec/tcrm1000.600pk
></usr/share/texlive/texmf-dist/fonts/type1/public/amsfonts/cm/cmbx10.pfb></usr
/share/texlive/texmf-dist/fonts/type1/public/amsfonts/cm/cmbx12.pfb></usr/share
/texlive/texmf-dist/fonts/type1/public/amsfonts/cm/cmr10.pfb></usr/share/texliv
e/texmf-dist/fonts/type1/public/amsfonts/cm/cmr12.pfb></usr/share/texlive/texmf
-dist/fonts/type1/public/amsfonts/cm/cmr6.pfb></usr/share/texlive/texmf-dist/fo
nts/type1/public/amsfonts/cm/cmr7.pfb></usr/share/texlive/texmf-dist/fonts/type
1/public/amsfonts/cm/cmr8.pfb></usr/share/texlive/texmf-dist/fonts/type1/public
/amsfonts/cm/cmsy10.pfb></usr/share/texlive/texmf-dist/fonts/type1/public/amsfo
nts/cm/cmti10.pfb></usr/share/texlive/texmf-dist/fonts/type1/public/amsfonts/cm
/cmti12.pfb></usr/share/texlive/texmf-dist/fonts/type1/public/amsfonts/cm/cmti8
.pfb></usr/share/texlive/texmf-dist/fonts/type1/public/amsfonts/cm/cmtt10.pfb><
/usr/share/texlive/texmf-dist/fonts/type1/public/eurosym/feymr10.pfb>
Output written on main.pdf (54 pages, 10369428 bytes).
PDF statistics:
 835 PDF objects out of 1000 (max. 8388607)
 673 compressed objects within 7 object streams
 169 named destinations out of 1000 (max. 500000)
 34004 words of extra memory for PDF output out of 35830 (max. 10000000)

